<?xml version="1.0" encoding="UTF-8" ?>
<testsuite failures="0" time="4.05" errors="1" skipped="0" tests="7" name="org.exoplatform.todo.AppTest">
  <properties>
    <property name="java.runtime.name" value="OpenJDK Runtime Environment"/>
    <property name="sun.boot.library.path" value="/usr/lib/jvm/java-6-openjdk-amd64/jre/lib/amd64"/>
    <property name="java.vm.version" value="20.0-b12"/>
    <property name="java.vm.vendor" value="Sun Microsystems Inc."/>
    <property name="java.vendor.url" value="http://java.sun.com/"/>
    <property name="path.separator" value=":"/>
    <property name="guice.disable.misplaced.annotation.check" value="true"/>
    <property name="java.vm.name" value="OpenJDK 64-Bit Server VM"/>
    <property name="file.encoding.pkg" value="sun.io"/>
    <property name="user.country" value="US"/>
    <property name="sun.java.launcher" value="SUN_STANDARD"/>
    <property name="sun.os.patch.level" value="unknown"/>
    <property name="java.vm.specification.name" value="Java Virtual Machine Specification"/>
    <property name="user.dir" value="/home/sontt/working/workspace/jcr-example"/>
    <property name="java.runtime.version" value="1.6.0_24-b24"/>
    <property name="java.awt.graphicsenv" value="sun.awt.X11GraphicsEnvironment"/>
    <property name="java.endorsed.dirs" value="/usr/lib/jvm/java-6-openjdk-amd64/jre/lib/endorsed"/>
    <property name="os.arch" value="amd64"/>
    <property name="java.io.tmpdir" value="/tmp"/>
    <property name="line.separator" value="
"/>
    <property name="java.vm.specification.vendor" value="Sun Microsystems Inc."/>
    <property name="os.name" value="Linux"/>
    <property name="classworlds.conf" value="/home/sontt/working/ide/apache-maven/apache-maven-3.0.4/bin/m2.conf"/>
    <property name="sun.jnu.encoding" value="UTF-8"/>
    <property name="java.library.path" value="/usr/lib/jvm/java-6-openjdk-amd64/jre/lib/amd64/server:/usr/lib/jvm/java-6-openjdk-amd64/jre/lib/amd64:/usr/lib/jvm/java-6-openjdk-amd64/jre/../lib/amd64:/usr/java/packages/lib/amd64:/usr/lib/x86_64-linux-gnu/jni:/lib/x86_64-linux-gnu:/usr/lib/x86_64-linux-gnu:/usr/lib/jni:/lib:/usr/lib"/>
    <property name="java.specification.name" value="Java Platform API Specification"/>
    <property name="java.class.version" value="50.0"/>
    <property name="sun.management.compiler" value="HotSpot 64-Bit Tiered Compilers"/>
    <property name="os.version" value="3.2.0-23-generic"/>
    <property name="user.home" value="/home/sontt"/>
    <property name="user.timezone" value="Asia/Ho_Chi_Minh"/>
    <property name="java.awt.printerjob" value="sun.print.PSPrinterJob"/>
    <property name="file.encoding" value="UTF-8"/>
    <property name="java.specification.version" value="1.6"/>
    <property name="user.name" value="sontt"/>
    <property name="java.class.path" value="/home/sontt/working/ide/apache-maven/apache-maven-3.0.4/boot/plexus-classworlds-2.4.jar"/>
    <property name="java.vm.specification.version" value="1.0"/>
    <property name="sun.arch.data.model" value="64"/>
    <property name="java.home" value="/usr/lib/jvm/java-6-openjdk-amd64/jre"/>
    <property name="sun.java.command" value="org.codehaus.plexus.classworlds.launcher.Launcher clean package"/>
    <property name="java.specification.vendor" value="Sun Microsystems Inc."/>
    <property name="user.language" value="en"/>
    <property name="java.vm.info" value="mixed mode"/>
    <property name="java.version" value="1.6.0_24"/>
    <property name="java.ext.dirs" value="/usr/lib/jvm/java-6-openjdk-amd64/jre/lib/ext:/usr/java/packages/lib/ext"/>
    <property name="securerandom.source" value="file:/dev/./urandom"/>
    <property name="sun.boot.class.path" value="/usr/lib/jvm/java-6-openjdk-amd64/jre/lib/resources.jar:/usr/lib/jvm/java-6-openjdk-amd64/jre/lib/rt.jar:/usr/lib/jvm/java-6-openjdk-amd64/jre/lib/sunrsasign.jar:/usr/lib/jvm/java-6-openjdk-amd64/jre/lib/jsse.jar:/usr/lib/jvm/java-6-openjdk-amd64/jre/lib/jce.jar:/usr/lib/jvm/java-6-openjdk-amd64/jre/lib/charsets.jar:/usr/lib/jvm/java-6-openjdk-amd64/jre/lib/netx.jar:/usr/lib/jvm/java-6-openjdk-amd64/jre/lib/plugin.jar:/usr/lib/jvm/java-6-openjdk-amd64/jre/lib/rhino.jar:/usr/lib/jvm/java-6-openjdk-amd64/jre/lib/modules/jdk.boot.jar:/usr/lib/jvm/java-6-openjdk-amd64/jre/classes"/>
    <property name="java.vendor" value="Sun Microsystems Inc."/>
    <property name="maven.home" value="/home/sontt/working/ide/apache-maven/apache-maven-3.0.4"/>
    <property name="file.separator" value="/"/>
    <property name="java.vendor.url.bug" value="http://java.sun.com/cgi-bin/bugreport.cgi"/>
    <property name="sun.cpu.endian" value="little"/>
    <property name="sun.io.unicode.encoding" value="UnicodeLittle"/>
    <property name="sun.desktop" value="gnome"/>
    <property name="sun.cpu.isalist" value=""/>
  </properties>
  <testcase time="3.634" classname="org.exoplatform.todo.AppTest" name="testWorkspacesName"/>
  <testcase time="0.04" classname="org.exoplatform.todo.AppTest" name="testLogin"/>
  <testcase time="0.034" classname="org.exoplatform.todo.AppTest" name="testAddingNode"/>
  <testcase time="0.012" classname="org.exoplatform.todo.AppTest" name="testBrowsingContent"/>
  <testcase time="0.257" classname="org.exoplatform.todo.AppTest" name="testSearchingContentWithXPath"/>
  <testcase time="0.048" classname="org.exoplatform.todo.AppTest" name="testSearchingContentWithLuceneFuzzy"/>
  <testcase time="0.006" classname="org.exoplatform.todo.AppTest" name="testRegisterNodeType">
    <error message="Unknown Prefix todo: Unknown Prefix todo: Unknown Prefix todo" type="javax.jcr.RepositoryException">javax.jcr.RepositoryException: Unknown Prefix todo: Unknown Prefix todo: Unknown Prefix todo
	at org.exoplatform.services.jcr.impl.core.LocationFactory.parsePathEntry(LocationFactory.java:213)
	at org.exoplatform.services.jcr.impl.core.LocationFactory.parseJCRName(LocationFactory.java:143)
	at org.exoplatform.services.jcr.impl.core.nodetype.registration.NodeTypeConverter.convertFromValueToData(NodeTypeConverter.java:89)
	at org.exoplatform.services.jcr.impl.core.nodetype.NodeTypeDataManagerImpl.registerNodeTypes(NodeTypeDataManagerImpl.java:647)
	at org.exoplatform.services.jcr.impl.core.nodetype.NodeTypeManagerImpl.registerNodeTypes(NodeTypeManagerImpl.java:255)
	at org.exoplatform.services.jcr.impl.core.nodetype.NodeTypeManagerImpl.registerNodeType(NodeTypeManagerImpl.java:248)
	at org.exoplatform.todo.AppTest.testRegisterNodeType(AppTest.java:237)
Caused by: javax.jcr.NamespaceException: Unknown Prefix todo
	at org.exoplatform.services.jcr.impl.core.NamespaceRegistryImpl.getURI(NamespaceRegistryImpl.java:211)
	at org.exoplatform.services.jcr.impl.core.NamespaceRegistryImpl.getNamespaceURIByPrefix(NamespaceRegistryImpl.java:164)
	at org.exoplatform.services.jcr.impl.core.LocationFactory.parsePathEntry(LocationFactory.java:207)
	... 34 more
javax.jcr.NamespaceException: Unknown Prefix todo
	at org.exoplatform.services.jcr.impl.core.NamespaceRegistryImpl.getURI(NamespaceRegistryImpl.java:211)
	at org.exoplatform.services.jcr.impl.core.NamespaceRegistryImpl.getNamespaceURIByPrefix(NamespaceRegistryImpl.java:164)
	at org.exoplatform.services.jcr.impl.core.LocationFactory.parsePathEntry(LocationFactory.java:207)
	at org.exoplatform.services.jcr.impl.core.LocationFactory.parseJCRName(LocationFactory.java:143)
	at org.exoplatform.services.jcr.impl.core.nodetype.registration.NodeTypeConverter.convertFromValueToData(NodeTypeConverter.java:89)
	at org.exoplatform.services.jcr.impl.core.nodetype.NodeTypeDataManagerImpl.registerNodeTypes(NodeTypeDataManagerImpl.java:647)
	at org.exoplatform.services.jcr.impl.core.nodetype.NodeTypeManagerImpl.registerNodeTypes(NodeTypeManagerImpl.java:255)
	at org.exoplatform.services.jcr.impl.core.nodetype.NodeTypeManagerImpl.registerNodeType(NodeTypeManagerImpl.java:248)
	at org.exoplatform.todo.AppTest.testRegisterNodeType(AppTest.java:237)
	at sun.reflect.NativeMethodAccessorImpl.invoke0(Native Method)
	at sun.reflect.NativeMethodAccessorImpl.invoke(NativeMethodAccessorImpl.java:57)
	at sun.reflect.DelegatingMethodAccessorImpl.invoke(DelegatingMethodAccessorImpl.java:43)
	at java.lang.reflect.Method.invoke(Method.java:616)
	at junit.framework.TestCase.runTest(TestCase.java:154)
	at junit.framework.TestCase.runBare(TestCase.java:127)
	at junit.framework.TestResult$1.protect(TestResult.java:106)
	at junit.framework.TestResult.runProtected(TestResult.java:124)
	at junit.framework.TestResult.run(TestResult.java:109)
	at junit.framework.TestCase.run(TestCase.java:118)
	at junit.framework.TestSuite.runTest(TestSuite.java:208)
	at junit.framework.TestSuite.run(TestSuite.java:203)
	at sun.reflect.NativeMethodAccessorImpl.invoke0(Native Method)
	at sun.reflect.NativeMethodAccessorImpl.invoke(NativeMethodAccessorImpl.java:57)
	at sun.reflect.DelegatingMethodAccessorImpl.invoke(DelegatingMethodAccessorImpl.java:43)
	at java.lang.reflect.Method.invoke(Method.java:616)
	at org.apache.maven.surefire.junit.JUnitTestSet.execute(JUnitTestSet.java:96)
	at org.apache.maven.surefire.junit.JUnit3Provider.executeTestSet(JUnit3Provider.java:117)
	at org.apache.maven.surefire.junit.JUnit3Provider.invoke(JUnit3Provider.java:94)
	at sun.reflect.NativeMethodAccessorImpl.invoke0(Native Method)
	at sun.reflect.NativeMethodAccessorImpl.invoke(NativeMethodAccessorImpl.java:57)
	at sun.reflect.DelegatingMethodAccessorImpl.invoke(DelegatingMethodAccessorImpl.java:43)
	at java.lang.reflect.Method.invoke(Method.java:616)
	at org.apache.maven.surefire.util.ReflectionUtils.invokeMethodWithArray(ReflectionUtils.java:164)
	at org.apache.maven.surefire.booter.ProviderFactory$ProviderProxy.invoke(ProviderFactory.java:110)
	at org.apache.maven.surefire.booter.SurefireStarter.invokeProvider(SurefireStarter.java:175)
	at org.apache.maven.surefire.booter.SurefireStarter.runSuitesInProcessWhenForked(SurefireStarter.java:107)
	at org.apache.maven.surefire.booter.ForkedBooter.main(ForkedBooter.java:68)
</error>
    <system-out>-----------------setUp()-----------------
-----------------testRegisterNodeType()-----------------
</system-out>
  </testcase>
</testsuite>